\BOOKMARK [0][-]{chapter.1}{\376\377\0001\000\040\000D\000e\000s\000c\000r\000i\000\347\000\343\000o}{}% 1
\BOOKMARK [0][-]{chapter.2}{\376\377\0002\000\040\000<\000e\000m\000>\000N\000a\000m\000e\000s\000p\000a\000c\000e\000s\000<\000/\000e\000m\000>}{}% 2
\BOOKMARK [1][-]{section.2.1}{\376\377\0002\000.\0001\000\040\000L\000i\000s\000t\000a\000\040\000d\000e\000\040\000N\000a\000m\000e\000s\000p\000a\000c\000e\000s}{chapter.2}% 3
\BOOKMARK [0][-]{chapter.3}{\376\377\0003\000\040\000\315\000n\000d\000i\000c\000e\000\040\000H\000i\000e\000r\000\341\000r\000q\000u\000i\000c\000o}{}% 4
\BOOKMARK [1][-]{section.3.1}{\376\377\0003\000.\0001\000\040\000H\000i\000e\000r\000a\000r\000q\000u\000i\000a\000\040\000d\000e\000\040\000C\000l\000a\000s\000s\000e\000s}{chapter.3}% 5
\BOOKMARK [0][-]{chapter.4}{\376\377\0004\000\040\000\315\000n\000d\000i\000c\000e\000\040\000d\000o\000s\000\040\000C\000o\000m\000p\000o\000n\000e\000n\000t\000e\000s}{}% 6
\BOOKMARK [1][-]{section.4.1}{\376\377\0004\000.\0001\000\040\000L\000i\000s\000t\000a\000\040\000d\000e\000\040\000C\000l\000a\000s\000s\000e\000s}{chapter.4}% 7
\BOOKMARK [0][-]{chapter.5}{\376\377\0005\000\040\000\315\000n\000d\000i\000c\000e\000\040\000d\000o\000s\000\040\000A\000r\000q\000u\000i\000v\000o\000s}{}% 8
\BOOKMARK [1][-]{section.5.1}{\376\377\0005\000.\0001\000\040\000L\000i\000s\000t\000a\000\040\000d\000e\000\040\000A\000r\000q\000u\000i\000v\000o\000s}{chapter.5}% 9
\BOOKMARK [0][-]{chapter.6}{\376\377\0006\000\040\000<\000e\000m\000>\000N\000a\000m\000e\000s\000p\000a\000c\000e\000<\000/\000e\000m\000>}{}% 10
\BOOKMARK [1][-]{section.6.1}{\376\377\0006\000.\0001\000\040\000R\000e\000f\000\352\000n\000c\000i\000a\000\040\000d\000o\000\040\000N\000a\000m\000e\000s\000p\000a\000c\000e\000\040\000C\000C\000T}{chapter.6}% 11
\BOOKMARK [1][-]{section.6.2}{\376\377\0006\000.\0002\000\040\000R\000e\000f\000\352\000n\000c\000i\000a\000\040\000d\000o\000\040\000N\000a\000m\000e\000s\000p\000a\000c\000e\000\040\000C\000M\000P}{chapter.6}% 12
\BOOKMARK [2][-]{subsection.6.2.1}{\376\377\0006\000.\0002\000.\0001\000\040\000E\000n\000u\000m\000e\000r\000a\000\347\000\365\000e\000s}{section.6.2}% 13
\BOOKMARK [3][-]{subsubsection.6.2.1.1}{\376\377\0006\000.\0002\000.\0001\000.\0001\000\040\000t\000y\000p\000e}{subsection.6.2.1}% 14
\BOOKMARK [1][-]{section.6.3}{\376\377\0006\000.\0003\000\040\000R\000e\000f\000\352\000n\000c\000i\000a\000\040\000d\000o\000\040\000N\000a\000m\000e\000s\000p\000a\000c\000e\000\040\000G\000R\000F}{chapter.6}% 15
\BOOKMARK [1][-]{section.6.4}{\376\377\0006\000.\0004\000\040\000R\000e\000f\000\352\000n\000c\000i\000a\000\040\000d\000o\000\040\000N\000a\000m\000e\000s\000p\000a\000c\000e\000\040\000N\000M}{chapter.6}% 16
\BOOKMARK [0][-]{chapter.7}{\376\377\0007\000\040\000C\000l\000a\000s\000s\000e\000s}{}% 17
\BOOKMARK [1][-]{section.7.1}{\376\377\0007\000.\0001\000\040\000R\000e\000f\000e\000r\000\352\000n\000c\000i\000a\000\040\000d\000a\000\040\000C\000l\000a\000s\000s\000e\000\040\000G\000R\000F\000:\000:\000a\000d\000j\000a\000c\000e\000n\000c\000y\000M\000a\000t\000r\000i\000x}{chapter.7}% 18
\BOOKMARK [2][-]{subsection.7.1.1}{\376\377\0007\000.\0001\000.\0001\000\040\000C\000o\000n\000s\000t\000r\000u\000t\000o\000r\000e\000s\000\040\000e\000\040\000D\000e\000s\000t\000r\000u\000t\000o\000r\000e\000s}{section.7.1}% 19
\BOOKMARK [3][-]{subsubsection.7.1.1.1}{\376\377\0007\000.\0001\000.\0001\000.\0001\000\040\000a\000d\000j\000a\000c\000e\000n\000c\000y\000M\000a\000t\000r\000i\000x\000\050\000\051\000\040\000[\0001\000/\0002\000]}{subsection.7.1.1}% 20
\BOOKMARK [3][-]{subsubsection.7.1.1.2}{\376\377\0007\000.\0001\000.\0001\000.\0002\000\040\000a\000d\000j\000a\000c\000e\000n\000c\000y\000M\000a\000t\000r\000i\000x\000\050\000\051\000\040\000[\0002\000/\0002\000]}{subsection.7.1.1}% 21
\BOOKMARK [2][-]{subsection.7.1.2}{\376\377\0007\000.\0001\000.\0002\000\040\000F\000u\000n\000\347\000\365\000e\000s\000\040\000m\000e\000m\000b\000r\000o\000s}{section.7.1}% 22
\BOOKMARK [3][-]{subsubsection.7.1.2.1}{\376\377\0007\000.\0001\000.\0002\000.\0001\000\040\000g\000e\000t\000V\000e\000r\000t\000e\000x\000N\000u\000m\000b\000e\000r\000\050\000\051}{subsection.7.1.2}% 23
\BOOKMARK [3][-]{subsubsection.7.1.2.2}{\376\377\0007\000.\0001\000.\0002\000.\0002\000\040\000i\000n\000s\000e\000r\000t\000E\000d\000g\000e\000\050\000\051}{subsection.7.1.2}% 24
\BOOKMARK [3][-]{subsubsection.7.1.2.3}{\376\377\0007\000.\0001\000.\0002\000.\0003\000\040\000p\000r\000i\000n\000t\000\050\000\051}{subsection.7.1.2}% 25
\BOOKMARK [3][-]{subsubsection.7.1.2.4}{\376\377\0007\000.\0001\000.\0002\000.\0004\000\040\000q\000u\000e\000r\000y\000\050\000\051}{subsection.7.1.2}% 26
\BOOKMARK [3][-]{subsubsection.7.1.2.5}{\376\377\0007\000.\0001\000.\0002\000.\0005\000\040\000r\000e\000m\000o\000v\000e\000V\000e\000r\000t\000e\000x\000\050\000\051}{subsection.7.1.2}% 27
\BOOKMARK [2][-]{subsection.7.1.3}{\376\377\0007\000.\0001\000.\0003\000\040\000A\000t\000r\000i\000b\000u\000t\000o\000s}{section.7.1}% 28
\BOOKMARK [3][-]{subsubsection.7.1.3.1}{\376\377\0007\000.\0001\000.\0003\000.\0001\000\040\000a\000d\000j\000M\000a\000t\000r\000i\000x}{subsection.7.1.3}% 29
\BOOKMARK [3][-]{subsubsection.7.1.3.2}{\376\377\0007\000.\0001\000.\0003\000.\0002\000\040\000v\000e\000r\000t\000e\000x\000N\000u\000m\000b\000e\000r}{subsection.7.1.3}% 30
\BOOKMARK [1][-]{section.7.2}{\376\377\0007\000.\0002\000\040\000R\000e\000f\000e\000r\000\352\000n\000c\000i\000a\000\040\000d\000a\000\040\000C\000l\000a\000s\000s\000e\000\040\000C\000C\000T\000:\000:\000C\000i\000r\000c\000u\000i\000t}{chapter.7}% 31
\BOOKMARK [2][-]{subsection.7.2.1}{\376\377\0007\000.\0002\000.\0001\000\040\000D\000e\000s\000c\000r\000i\000\347\000\343\000o\000\040\000d\000e\000t\000a\000l\000h\000a\000d\000a}{section.7.2}% 32
\BOOKMARK [2][-]{subsection.7.2.2}{\376\377\0007\000.\0002\000.\0002\000\040\000C\000o\000n\000s\000t\000r\000u\000t\000o\000r\000e\000s\000\040\000e\000\040\000D\000e\000s\000t\000r\000u\000t\000o\000r\000e\000s}{section.7.2}% 33
\BOOKMARK [3][-]{subsubsection.7.2.2.1}{\376\377\0007\000.\0002\000.\0002\000.\0001\000\040\000C\000i\000r\000c\000u\000i\000t\000\050\000\051}{subsection.7.2.2}% 34
\BOOKMARK [3][-]{subsubsection.7.2.2.2}{\376\377\0007\000.\0002\000.\0002\000.\0002\000\040\000\040\000C\000i\000r\000c\000u\000i\000t\000\050\000\051}{subsection.7.2.2}% 35
\BOOKMARK [2][-]{subsection.7.2.3}{\376\377\0007\000.\0002\000.\0003\000\040\000F\000u\000n\000\347\000\365\000e\000s\000\040\000m\000e\000m\000b\000r\000o\000s}{section.7.2}% 36
\BOOKMARK [3][-]{subsubsection.7.2.3.1}{\376\377\0007\000.\0002\000.\0003\000.\0001\000\040\000a\000d\000d\000C\000o\000m\000p\000o\000n\000e\000n\000t\000\050\000\051}{subsection.7.2.3}% 37
\BOOKMARK [3][-]{subsubsection.7.2.3.2}{\376\377\0007\000.\0002\000.\0003\000.\0002\000\040\000e\000d\000i\000t\000C\000o\000m\000p\000o\000n\000e\000n\000t\000\050\000\051\000\040\000[\0001\000/\0002\000]}{subsection.7.2.3}% 38
\BOOKMARK [3][-]{subsubsection.7.2.3.3}{\376\377\0007\000.\0002\000.\0003\000.\0003\000\040\000e\000d\000i\000t\000C\000o\000m\000p\000o\000n\000e\000n\000t\000\050\000\051\000\040\000[\0002\000/\0002\000]}{subsection.7.2.3}% 39
\BOOKMARK [3][-]{subsubsection.7.2.3.4}{\376\377\0007\000.\0002\000.\0003\000.\0004\000\040\000g\000e\000t\000C\000u\000r\000r\000e\000n\000t\000\050\000\051}{subsection.7.2.3}% 40
\BOOKMARK [3][-]{subsubsection.7.2.3.5}{\376\377\0007\000.\0002\000.\0003\000.\0005\000\040\000g\000e\000t\000V\000o\000l\000t\000a\000g\000e\000\050\000\051}{subsection.7.2.3}% 41
\BOOKMARK [3][-]{subsubsection.7.2.3.6}{\376\377\0007\000.\0002\000.\0003\000.\0006\000\040\000i\000n\000i\000t\000i\000a\000l\000i\000z\000e\000\050\000\051}{subsection.7.2.3}% 42
\BOOKMARK [3][-]{subsubsection.7.2.3.7}{\376\377\0007\000.\0002\000.\0003\000.\0007\000\040\000r\000e\000m\000o\000v\000e\000C\000o\000m\000p\000o\000n\000e\000n\000t\000\050\000\051}{subsection.7.2.3}% 43
\BOOKMARK [3][-]{subsubsection.7.2.3.8}{\376\377\0007\000.\0002\000.\0003\000.\0008\000\040\000r\000e\000s\000e\000t\000\050\000\051}{subsection.7.2.3}% 44
\BOOKMARK [3][-]{subsubsection.7.2.3.9}{\376\377\0007\000.\0002\000.\0003\000.\0009\000\040\000S\000o\000l\000v\000e\000\050\000\051}{subsection.7.2.3}% 45
\BOOKMARK [3][-]{subsubsection.7.2.3.10}{\376\377\0007\000.\0002\000.\0003\000.\0001\0000\000\040\000u\000p\000d\000a\000t\000e\000C\000o\000m\000p\000o\000n\000e\000n\000t\000s\000\050\000\051}{subsection.7.2.3}% 46
\BOOKMARK [2][-]{subsection.7.2.4}{\376\377\0007\000.\0002\000.\0004\000\040\000A\000t\000r\000i\000b\000u\000t\000o\000s}{section.7.2}% 47
\BOOKMARK [3][-]{subsubsection.7.2.4.1}{\376\377\0007\000.\0002\000.\0004\000.\0001\000\040\000c\000h\000o\000r\000d\000s}{subsection.7.2.4}% 48
\BOOKMARK [3][-]{subsubsection.7.2.4.2}{\376\377\0007\000.\0002\000.\0004\000.\0002\000\040\000c\000i\000r\000c\000u\000i\000t\000M\000a\000t\000r\000i\000x}{subsection.7.2.4}% 49
\BOOKMARK [3][-]{subsubsection.7.2.4.3}{\376\377\0007\000.\0002\000.\0004\000.\0003\000\040\000c\000o\000m\000p\000o\000n\000e\000n\000t\000s}{subsection.7.2.4}% 50
\BOOKMARK [1][-]{section.7.3}{\376\377\0007\000.\0003\000\040\000R\000e\000f\000e\000r\000\352\000n\000c\000i\000a\000\040\000d\000a\000\040\000C\000l\000a\000s\000s\000e\000\040\000C\000M\000P\000:\000:\000C\000o\000m\000p\000o\000n\000e\000n\000t}{chapter.7}% 51
\BOOKMARK [2][-]{subsection.7.3.1}{\376\377\0007\000.\0003\000.\0001\000\040\000C\000o\000n\000s\000t\000r\000u\000t\000o\000r\000e\000s\000\040\000e\000\040\000D\000e\000s\000t\000r\000u\000t\000o\000r\000e\000s}{section.7.3}% 52
\BOOKMARK [3][-]{subsubsection.7.3.1.1}{\376\377\0007\000.\0003\000.\0001\000.\0001\000\040\000C\000o\000m\000p\000o\000n\000e\000n\000t\000\050\000\051}{subsection.7.3.1}% 53
\BOOKMARK [3][-]{subsubsection.7.3.1.2}{\376\377\0007\000.\0003\000.\0001\000.\0002\000\040\000\040\000C\000o\000m\000p\000o\000n\000e\000n\000t\000\050\000\051}{subsection.7.3.1}% 54
\BOOKMARK [2][-]{subsection.7.3.2}{\376\377\0007\000.\0003\000.\0002\000\040\000F\000u\000n\000\347\000\365\000e\000s\000\040\000m\000e\000m\000b\000r\000o\000s}{section.7.3}% 55
\BOOKMARK [3][-]{subsubsection.7.3.2.1}{\376\377\0007\000.\0003\000.\0002\000.\0001\000\040\000g\000e\000t\000C\000u\000r\000r\000e\000n\000t\000\050\000\051}{subsection.7.3.2}% 56
\BOOKMARK [3][-]{subsubsection.7.3.2.2}{\376\377\0007\000.\0003\000.\0002\000.\0002\000\040\000g\000e\000t\000L\000a\000b\000e\000l\000\050\000\051}{subsection.7.3.2}% 57
\BOOKMARK [3][-]{subsubsection.7.3.2.3}{\376\377\0007\000.\0003\000.\0002\000.\0003\000\040\000g\000e\000t\000N\000o\000d\000e\000s\000\050\000\051}{subsection.7.3.2}% 58
\BOOKMARK [3][-]{subsubsection.7.3.2.4}{\376\377\0007\000.\0003\000.\0002\000.\0004\000\040\000g\000e\000t\000T\000y\000p\000e\000\050\000\051}{subsection.7.3.2}% 59
\BOOKMARK [3][-]{subsubsection.7.3.2.5}{\376\377\0007\000.\0003\000.\0002\000.\0005\000\040\000g\000e\000t\000V\000o\000l\000t\000a\000g\000e\000\050\000\051}{subsection.7.3.2}% 60
\BOOKMARK [3][-]{subsubsection.7.3.2.6}{\376\377\0007\000.\0003\000.\0002\000.\0006\000\040\000s\000e\000t\000C\000u\000r\000r\000e\000n\000t\000\050\000\051}{subsection.7.3.2}% 61
\BOOKMARK [3][-]{subsubsection.7.3.2.7}{\376\377\0007\000.\0003\000.\0002\000.\0007\000\040\000s\000e\000t\000L\000a\000b\000e\000l\000\050\000\051}{subsection.7.3.2}% 62
\BOOKMARK [3][-]{subsubsection.7.3.2.8}{\376\377\0007\000.\0003\000.\0002\000.\0008\000\040\000s\000e\000t\000V\000o\000l\000t\000a\000g\000e\000\050\000\051}{subsection.7.3.2}% 63
\BOOKMARK [2][-]{subsection.7.3.3}{\376\377\0007\000.\0003\000.\0003\000\040\000A\000t\000r\000i\000b\000u\000t\000o\000s}{section.7.3}% 64
\BOOKMARK [3][-]{subsubsection.7.3.3.1}{\376\377\0007\000.\0003\000.\0003\000.\0001\000\040\000c\000u\000r\000r\000e\000n\000t}{subsection.7.3.3}% 65
\BOOKMARK [3][-]{subsubsection.7.3.3.2}{\376\377\0007\000.\0003\000.\0003\000.\0002\000\040\000l\000a\000b\000e\000l}{subsection.7.3.3}% 66
\BOOKMARK [3][-]{subsubsection.7.3.3.3}{\376\377\0007\000.\0003\000.\0003\000.\0003\000\040\000v\000o\000l\000t\000a\000g\000e}{subsection.7.3.3}% 67
\BOOKMARK [3][-]{subsubsection.7.3.3.4}{\376\377\0007\000.\0003\000.\0003\000.\0004\000\040\000v\000t\000x\000s}{subsection.7.3.3}% 68
\BOOKMARK [1][-]{section.7.4}{\376\377\0007\000.\0004\000\040\000R\000e\000f\000e\000r\000\352\000n\000c\000i\000a\000\040\000d\000a\000\040\000C\000l\000a\000s\000s\000e\000\040\000D\000i\000a\000g\000r\000a\000m}{chapter.7}% 69
\BOOKMARK [2][-]{subsection.7.4.1}{\376\377\0007\000.\0004\000.\0001\000\040\000C\000o\000n\000s\000t\000r\000u\000t\000o\000r\000e\000s\000\040\000e\000\040\000D\000e\000s\000t\000r\000u\000t\000o\000r\000e\000s}{section.7.4}% 70
\BOOKMARK [3][-]{subsubsection.7.4.1.1}{\376\377\0007\000.\0004\000.\0001\000.\0001\000\040\000D\000i\000a\000g\000r\000a\000m\000\050\000\051}{subsection.7.4.1}% 71
\BOOKMARK [2][-]{subsection.7.4.2}{\376\377\0007\000.\0004\000.\0002\000\040\000F\000u\000n\000\347\000\365\000e\000s\000\040\000m\000e\000m\000b\000r\000o\000s}{section.7.4}% 72
\BOOKMARK [3][-]{subsubsection.7.4.2.1}{\376\377\0007\000.\0004\000.\0002\000.\0001\000\040\000c\000l\000i\000c\000k\000e\000d\000C\000o\000n\000t\000r\000o\000l\000\050\000\051}{subsection.7.4.2}% 73
\BOOKMARK [3][-]{subsubsection.7.4.2.2}{\376\377\0007\000.\0004\000.\0002\000.\0002\000\040\000e\000d\000i\000t}{subsection.7.4.2}% 74
\BOOKMARK [3][-]{subsubsection.7.4.2.3}{\376\377\0007\000.\0004\000.\0002\000.\0003\000\040\000e\000d\000i\000t\000M\000o\000d\000e}{subsection.7.4.2}% 75
\BOOKMARK [3][-]{subsubsection.7.4.2.4}{\376\377\0007\000.\0004\000.\0002\000.\0004\000\040\000f\000r\000e\000e\000A\000l\000l\000o\000c\000a\000t\000e\000d\000M\000e\000m\000o\000r\000y\000\050\000\051}{subsection.7.4.2}% 76
\BOOKMARK [3][-]{subsubsection.7.4.2.5}{\376\377\0007\000.\0004\000.\0002\000.\0005\000\040\000g\000e\000t\000F\000i\000l\000e\000N\000a\000m\000e\000\050\000\051}{subsection.7.4.2}% 77
\BOOKMARK [3][-]{subsubsection.7.4.2.6}{\376\377\0007\000.\0004\000.\0002\000.\0006\000\040\000g\000e\000t\000P\000i\000x\000M\000a\000p\000\050\000\051}{subsection.7.4.2}% 78
\BOOKMARK [3][-]{subsubsection.7.4.2.7}{\376\377\0007\000.\0004\000.\0002\000.\0007\000\040\000g\000e\000t\000S\000t\000a\000t\000u\000s\000\050\000\051}{subsection.7.4.2}% 79
\BOOKMARK [3][-]{subsubsection.7.4.2.8}{\376\377\0007\000.\0004\000.\0002\000.\0008\000\040\000i\000n\000i\000t\000i\000a\000l\000i\000z\000e\000D\000i\000a\000g\000r\000a\000m\000\050\000\051}{subsection.7.4.2}% 80
\BOOKMARK [3][-]{subsubsection.7.4.2.9}{\376\377\0007\000.\0004\000.\0002\000.\0009\000\040\000i\000n\000s\000e\000r\000t\000\050\000\051}{subsection.7.4.2}% 81
\BOOKMARK [3][-]{subsubsection.7.4.2.10}{\376\377\0007\000.\0004\000.\0002\000.\0001\0000\000\040\000l\000e\000f\000t\000B\000u\000t\000t\000o\000n\000A\000c\000t\000i\000o\000n\000s\000\050\000\051}{subsection.7.4.2}% 82
\BOOKMARK [3][-]{subsubsection.7.4.2.11}{\376\377\0007\000.\0004\000.\0002\000.\0001\0001\000\040\000l\000e\000f\000t\000B\000u\000t\000t\000o\000n\000C\000l\000i\000c\000k\000e\000d}{subsection.7.4.2}% 83
\BOOKMARK [3][-]{subsubsection.7.4.2.12}{\376\377\0007\000.\0004\000.\0002\000.\0001\0002\000\040\000l\000o\000a\000d\000\050\000\051}{subsection.7.4.2}% 84
\BOOKMARK [3][-]{subsubsection.7.4.2.13}{\376\377\0007\000.\0004\000.\0002\000.\0001\0003\000\040\000l\000o\000a\000d\000E\000r\000r\000o\000r}{subsection.7.4.2}% 85
\BOOKMARK [3][-]{subsubsection.7.4.2.14}{\376\377\0007\000.\0004\000.\0002\000.\0001\0004\000\040\000m\000o\000d\000i\000f\000i\000e\000d}{subsection.7.4.2}% 86
\BOOKMARK [3][-]{subsubsection.7.4.2.15}{\376\377\0007\000.\0004\000.\0002\000.\0001\0005\000\040\000m\000o\000u\000s\000e\000M\000o\000v\000e\000E\000v\000e\000n\000t\000\050\000\051}{subsection.7.4.2}% 87
\BOOKMARK [3][-]{subsubsection.7.4.2.16}{\376\377\0007\000.\0004\000.\0002\000.\0001\0006\000\040\000m\000o\000u\000s\000e\000P\000r\000e\000s\000s\000E\000v\000e\000n\000t\000\050\000\051}{subsection.7.4.2}% 88
\BOOKMARK [3][-]{subsubsection.7.4.2.17}{\376\377\0007\000.\0004\000.\0002\000.\0001\0007\000\040\000p\000a\000i\000n\000t\000E\000v\000e\000n\000t\000\050\000\051}{subsection.7.4.2}% 89
\BOOKMARK [3][-]{subsubsection.7.4.2.18}{\376\377\0007\000.\0004\000.\0002\000.\0001\0008\000\040\000q\000u\000e\000r\000y}{subsection.7.4.2}% 90
\BOOKMARK [3][-]{subsubsection.7.4.2.19}{\376\377\0007\000.\0004\000.\0002\000.\0001\0009\000\040\000q\000u\000e\000r\000y\000M\000o\000d\000e}{subsection.7.4.2}% 91
\BOOKMARK [3][-]{subsubsection.7.4.2.20}{\376\377\0007\000.\0004\000.\0002\000.\0002\0000\000\040\000r\000e\000m\000o\000v\000e}{subsection.7.4.2}% 92
\BOOKMARK [3][-]{subsubsection.7.4.2.21}{\376\377\0007\000.\0004\000.\0002\000.\0002\0001\000\040\000r\000i\000g\000h\000t\000B\000u\000t\000t\000o\000n\000A\000c\000t\000i\000o\000n\000s\000\050\000\051}{subsection.7.4.2}% 93
\BOOKMARK [3][-]{subsubsection.7.4.2.22}{\376\377\0007\000.\0004\000.\0002\000.\0002\0002\000\040\000r\000i\000g\000h\000t\000B\000u\000t\000t\000o\000n\000C\000l\000i\000c\000k\000e\000d}{subsection.7.4.2}% 94
\BOOKMARK [3][-]{subsubsection.7.4.2.23}{\376\377\0007\000.\0004\000.\0002\000.\0002\0003\000\040\000s\000a\000v\000e\000\050\000\051}{subsection.7.4.2}% 95
\BOOKMARK [3][-]{subsubsection.7.4.2.24}{\376\377\0007\000.\0004\000.\0002\000.\0002\0004\000\040\000s\000e\000t\000F\000i\000l\000e\000N\000a\000m\000e\000\050\000\051}{subsection.7.4.2}% 96
\BOOKMARK [3][-]{subsubsection.7.4.2.25}{\376\377\0007\000.\0004\000.\0002\000.\0002\0005\000\040\000s\000e\000t\000S\000e\000l\000e\000c\000t\000e\000d\000B\000u\000t\000t\000o\000n\000\050\000\051}{subsection.7.4.2}% 97
\BOOKMARK [3][-]{subsubsection.7.4.2.26}{\376\377\0007\000.\0004\000.\0002\000.\0002\0006\000\040\000s\000e\000t\000S\000t\000a\000t\000u\000s\000\050\000\051}{subsection.7.4.2}% 98
\BOOKMARK [3][-]{subsubsection.7.4.2.27}{\376\377\0007\000.\0004\000.\0002\000.\0002\0007\000\040\000s\000h\000o\000w\000E\000d\000i\000t\000D\000i\000a\000l\000o\000g}{subsection.7.4.2}% 99
\BOOKMARK [2][-]{subsection.7.4.3}{\376\377\0007\000.\0004\000.\0003\000\040\000A\000t\000r\000i\000b\000u\000t\000o\000s}{section.7.4}% 100
\BOOKMARK [3][-]{subsubsection.7.4.3.1}{\376\377\0007\000.\0004\000.\0003\000.\0001\000\040\000c\000i\000r\000c\000u\000i\000t}{subsection.7.4.3}% 101
\BOOKMARK [3][-]{subsubsection.7.4.3.2}{\376\377\0007\000.\0004\000.\0003\000.\0002\000\040\000c\000l\000i\000c\000k\000e\000d\000S\000t\000a\000c\000k}{subsection.7.4.3}% 102
\BOOKMARK [3][-]{subsubsection.7.4.3.3}{\376\377\0007\000.\0004\000.\0003\000.\0003\000\040\000c\000o\000n\000n\000e\000c\000t\000i\000o\000n\000s}{subsection.7.4.3}% 103
\BOOKMARK [3][-]{subsubsection.7.4.3.4}{\376\377\0007\000.\0004\000.\0003\000.\0004\000\040\000c\000u\000r\000s\000o\000r\000L\000o\000c\000a\000t\000i\000o\000n}{subsection.7.4.3}% 104
\BOOKMARK [3][-]{subsubsection.7.4.3.5}{\376\377\0007\000.\0004\000.\0003\000.\0005\000\040\000d\000r\000a\000w\000L\000i\000s\000t}{subsection.7.4.3}% 105
\BOOKMARK [3][-]{subsubsection.7.4.3.6}{\376\377\0007\000.\0004\000.\0003\000.\0006\000\040\000e\000d\000i\000t\000B\000u\000t\000t\000o\000n}{subsection.7.4.3}% 106
\BOOKMARK [3][-]{subsubsection.7.4.3.7}{\376\377\0007\000.\0004\000.\0003\000.\0007\000\040\000e\000d\000i\000t\000M\000e\000n\000u}{subsection.7.4.3}% 107
\BOOKMARK [3][-]{subsubsection.7.4.3.8}{\376\377\0007\000.\0004\000.\0003\000.\0008\000\040\000f\000i\000l\000e\000N\000a\000m\000e}{subsection.7.4.3}% 108
\BOOKMARK [3][-]{subsubsection.7.4.3.9}{\376\377\0007\000.\0004\000.\0003\000.\0009\000\040\000m\000o\000d\000e}{subsection.7.4.3}% 109
\BOOKMARK [3][-]{subsubsection.7.4.3.10}{\376\377\0007\000.\0004\000.\0003\000.\0001\0000\000\040\000p\000l\000a\000y\000B\000u\000t\000t\000o\000n}{subsection.7.4.3}% 110
\BOOKMARK [3][-]{subsubsection.7.4.3.11}{\376\377\0007\000.\0004\000.\0003\000.\0001\0001\000\040\000s\000e\000l\000e\000c\000t\000e\000d\000B\000u\000t\000t\000o\000n}{subsection.7.4.3}% 111
\BOOKMARK [3][-]{subsubsection.7.4.3.12}{\376\377\0007\000.\0004\000.\0003\000.\0001\0002\000\040\000s\000e\000l\000e\000c\000t\000e\000d\000C\000o\000m\000p\000o\000n\000e\000n\000t}{subsection.7.4.3}% 112
\BOOKMARK [3][-]{subsubsection.7.4.3.13}{\376\377\0007\000.\0004\000.\0003\000.\0001\0003\000\040\000s\000e\000l\000e\000c\000t\000e\000d\000P\000r\000e\000v}{subsection.7.4.3}% 113
\BOOKMARK [3][-]{subsubsection.7.4.3.14}{\376\377\0007\000.\0004\000.\0003\000.\0001\0004\000\040\000s\000t\000a\000t\000u\000s}{subsection.7.4.3}% 114
\BOOKMARK [3][-]{subsubsection.7.4.3.15}{\376\377\0007\000.\0004\000.\0003\000.\0001\0005\000\040\000w\000i\000r\000e\000C\000o\000u\000n\000t\000e\000r}{subsection.7.4.3}% 115
\BOOKMARK [1][-]{section.7.5}{\376\377\0007\000.\0005\000\040\000R\000e\000f\000e\000r\000\352\000n\000c\000i\000a\000\040\000d\000a\000\040\000C\000l\000a\000s\000s\000e\000\040\000N\000M\000:\000:\000E\000q\000u\000a\000t\000i\000o\000n\000S\000y\000s\000t\000e\000m}{chapter.7}% 116
\BOOKMARK [2][-]{subsection.7.5.1}{\376\377\0007\000.\0005\000.\0001\000\040\000C\000o\000n\000s\000t\000r\000u\000t\000o\000r\000e\000s\000\040\000e\000\040\000D\000e\000s\000t\000r\000u\000t\000o\000r\000e\000s}{section.7.5}% 117
\BOOKMARK [3][-]{subsubsection.7.5.1.1}{\376\377\0007\000.\0005\000.\0001\000.\0001\000\040\000E\000q\000u\000a\000t\000i\000o\000n\000S\000y\000s\000t\000e\000m\000\050\000\051}{subsection.7.5.1}% 118
\BOOKMARK [2][-]{subsection.7.5.2}{\376\377\0007\000.\0005\000.\0002\000\040\000F\000u\000n\000\347\000\365\000e\000s\000\040\000m\000e\000m\000b\000r\000o\000s}{section.7.5}% 119
\BOOKMARK [3][-]{subsubsection.7.5.2.1}{\376\377\0007\000.\0005\000.\0002\000.\0001\000\040\000f\000i\000n\000d\000P\000i\000v\000o\000t\000\050\000\051}{subsection.7.5.2}% 120
\BOOKMARK [3][-]{subsubsection.7.5.2.2}{\376\377\0007\000.\0005\000.\0002\000.\0002\000\040\000g\000a\000u\000s\000s\000J\000o\000r\000d\000a\000n\000\050\000\051}{subsection.7.5.2}% 121
\BOOKMARK [3][-]{subsubsection.7.5.2.3}{\376\377\0007\000.\0005\000.\0002\000.\0003\000\040\000g\000a\000u\000s\000s\000S\000e\000i\000d\000e\000l\000\050\000\051}{subsection.7.5.2}% 122
\BOOKMARK [3][-]{subsubsection.7.5.2.4}{\376\377\0007\000.\0005\000.\0002\000.\0004\000\040\000g\000e\000t\000S\000o\000l\000u\000t\000i\000o\000n\000\050\000\051}{subsection.7.5.2}% 123
\BOOKMARK [3][-]{subsubsection.7.5.2.5}{\376\377\0007\000.\0005\000.\0002\000.\0005\000\040\000p\000r\000i\000n\000t\000\050\000\051}{subsection.7.5.2}% 124
\BOOKMARK [3][-]{subsubsection.7.5.2.6}{\376\377\0007\000.\0005\000.\0002\000.\0006\000\040\000p\000r\000i\000n\000t\000S\000o\000l\000u\000t\000i\000o\000n\000\050\000\051}{subsection.7.5.2}% 125
\BOOKMARK [3][-]{subsubsection.7.5.2.7}{\376\377\0007\000.\0005\000.\0002\000.\0007\000\040\000s\000a\000s\000s\000e\000n\000f\000e\000l\000d\000C\000r\000i\000t\000e\000r\000i\000a\000\050\000\051}{subsection.7.5.2}% 126
\BOOKMARK [2][-]{subsection.7.5.3}{\376\377\0007\000.\0005\000.\0003\000\040\000A\000t\000r\000i\000b\000u\000t\000o\000s}{section.7.5}% 127
\BOOKMARK [3][-]{subsubsection.7.5.3.1}{\376\377\0007\000.\0005\000.\0003\000.\0001\000\040\000A}{subsection.7.5.3}% 128
\BOOKMARK [3][-]{subsubsection.7.5.3.2}{\376\377\0007\000.\0005\000.\0003\000.\0002\000\040\000B}{subsection.7.5.3}% 129
\BOOKMARK [3][-]{subsubsection.7.5.3.3}{\376\377\0007\000.\0005\000.\0003\000.\0003\000\040\000x}{subsection.7.5.3}% 130
\BOOKMARK [1][-]{section.7.6}{\376\377\0007\000.\0006\000\040\000R\000e\000f\000e\000r\000\352\000n\000c\000i\000a\000\040\000d\000a\000\040\000C\000l\000a\000s\000s\000e\000\040\000G\000r\000a\000p\000h\000i\000c\000C\000o\000m\000p\000o\000n\000e\000n\000t}{chapter.7}% 131
\BOOKMARK [2][-]{subsection.7.6.1}{\376\377\0007\000.\0006\000.\0001\000\040\000C\000o\000n\000s\000t\000r\000u\000t\000o\000r\000e\000s\000\040\000e\000\040\000D\000e\000s\000t\000r\000u\000t\000o\000r\000e\000s}{section.7.6}% 132
\BOOKMARK [3][-]{subsubsection.7.6.1.1}{\376\377\0007\000.\0006\000.\0001\000.\0001\000\040\000G\000r\000a\000p\000h\000i\000c\000C\000o\000m\000p\000o\000n\000e\000n\000t\000\050\000\051\000\040\000[\0001\000/\0003\000]}{subsection.7.6.1}% 133
\BOOKMARK [3][-]{subsubsection.7.6.1.2}{\376\377\0007\000.\0006\000.\0001\000.\0002\000\040\000G\000r\000a\000p\000h\000i\000c\000C\000o\000m\000p\000o\000n\000e\000n\000t\000\050\000\051\000\040\000[\0002\000/\0003\000]}{subsection.7.6.1}% 134
\BOOKMARK [3][-]{subsubsection.7.6.1.3}{\376\377\0007\000.\0006\000.\0001\000.\0003\000\040\000G\000r\000a\000p\000h\000i\000c\000C\000o\000m\000p\000o\000n\000e\000n\000t\000\050\000\051\000\040\000[\0003\000/\0003\000]}{subsection.7.6.1}% 135
\BOOKMARK [2][-]{subsection.7.6.2}{\376\377\0007\000.\0006\000.\0002\000\040\000F\000u\000n\000\347\000\365\000e\000s\000\040\000m\000e\000m\000b\000r\000o\000s}{section.7.6}% 136
\BOOKMARK [3][-]{subsubsection.7.6.2.1}{\376\377\0007\000.\0006\000.\0002\000.\0001\000\040\000c\000l\000i\000c\000k\000e\000d}{subsection.7.6.2}% 137
\BOOKMARK [3][-]{subsubsection.7.6.2.2}{\376\377\0007\000.\0006\000.\0002\000.\0002\000\040\000c\000l\000i\000c\000k\000e\000d\000A\000r\000e\000a\000\050\000\051}{subsection.7.6.2}% 138
\BOOKMARK [3][-]{subsubsection.7.6.2.3}{\376\377\0007\000.\0006\000.\0002\000.\0003\000\040\000c\000l\000i\000c\000k\000e\000d\000V\000e\000r\000t\000e\000x}{subsection.7.6.2}% 139
\BOOKMARK [3][-]{subsubsection.7.6.2.4}{\376\377\0007\000.\0006\000.\0002\000.\0004\000\040\000d\000r\000a\000w\000\050\000\051}{subsection.7.6.2}% 140
\BOOKMARK [3][-]{subsubsection.7.6.2.5}{\376\377\0007\000.\0006\000.\0002\000.\0005\000\040\000g\000e\000t\000B\000o\000t\000t\000o\000m\000\050\000\051}{subsection.7.6.2}% 141
\BOOKMARK [3][-]{subsubsection.7.6.2.6}{\376\377\0007\000.\0006\000.\0002\000.\0006\000\040\000g\000e\000t\000B\000o\000u\000n\000d\000R\000e\000c\000t\000\050\000\051}{subsection.7.6.2}% 142
\BOOKMARK [3][-]{subsubsection.7.6.2.7}{\376\377\0007\000.\0006\000.\0002\000.\0007\000\040\000g\000e\000t\000H\000e\000i\000g\000h\000t\000\050\000\051}{subsection.7.6.2}% 143
\BOOKMARK [3][-]{subsubsection.7.6.2.8}{\376\377\0007\000.\0006\000.\0002\000.\0008\000\040\000g\000e\000t\000L\000a\000b\000e\000l\000\050\000\051}{subsection.7.6.2}% 144
\BOOKMARK [3][-]{subsubsection.7.6.2.9}{\376\377\0007\000.\0006\000.\0002\000.\0009\000\040\000g\000e\000t\000L\000e\000f\000t\000\050\000\051}{subsection.7.6.2}% 145
\BOOKMARK [3][-]{subsubsection.7.6.2.10}{\376\377\0007\000.\0006\000.\0002\000.\0001\0000\000\040\000g\000e\000t\000M\000a\000p\000\050\000\051}{subsection.7.6.2}% 146
\BOOKMARK [3][-]{subsubsection.7.6.2.11}{\376\377\0007\000.\0006\000.\0002\000.\0001\0001\000\040\000g\000e\000t\000O\000r\000i\000e\000n\000t\000a\000t\000i\000o\000n\000\050\000\051}{subsection.7.6.2}% 147
\BOOKMARK [3][-]{subsubsection.7.6.2.12}{\376\377\0007\000.\0006\000.\0002\000.\0001\0002\000\040\000g\000e\000t\000R\000i\000g\000h\000t\000\050\000\051}{subsection.7.6.2}% 148
\BOOKMARK [3][-]{subsubsection.7.6.2.13}{\376\377\0007\000.\0006\000.\0002\000.\0001\0003\000\040\000g\000e\000t\000T\000o\000p\000\050\000\051}{subsection.7.6.2}% 149
\BOOKMARK [3][-]{subsubsection.7.6.2.14}{\376\377\0007\000.\0006\000.\0002\000.\0001\0004\000\040\000g\000e\000t\000T\000y\000p\000e\000\050\000\051}{subsection.7.6.2}% 150
\BOOKMARK [3][-]{subsubsection.7.6.2.15}{\376\377\0007\000.\0006\000.\0002\000.\0001\0005\000\040\000g\000e\000t\000V\000a\000l\000u\000e\000\050\000\051}{subsection.7.6.2}% 151
\BOOKMARK [3][-]{subsubsection.7.6.2.16}{\376\377\0007\000.\0006\000.\0002\000.\0001\0006\000\040\000g\000e\000t\000V\000e\000r\000t\000e\000x\0001\000\050\000\051}{subsection.7.6.2}% 152
\BOOKMARK [3][-]{subsubsection.7.6.2.17}{\376\377\0007\000.\0006\000.\0002\000.\0001\0007\000\040\000g\000e\000t\000V\000e\000r\000t\000e\000x\0001\000P\000o\000i\000n\000t\000\050\000\051}{subsection.7.6.2}% 153
\BOOKMARK [3][-]{subsubsection.7.6.2.18}{\376\377\0007\000.\0006\000.\0002\000.\0001\0008\000\040\000g\000e\000t\000V\000e\000r\000t\000e\000x\0002\000\050\000\051}{subsection.7.6.2}% 154
\BOOKMARK [3][-]{subsubsection.7.6.2.19}{\376\377\0007\000.\0006\000.\0002\000.\0001\0009\000\040\000g\000e\000t\000V\000e\000r\000t\000e\000x\0002\000P\000o\000i\000n\000t\000\050\000\051}{subsection.7.6.2}% 155
\BOOKMARK [3][-]{subsubsection.7.6.2.20}{\376\377\0007\000.\0006\000.\0002\000.\0002\0000\000\040\000g\000e\000t\000V\000e\000r\000t\000e\000x\000N\000u\000m\000\050\000\051}{subsection.7.6.2}% 156
\BOOKMARK [3][-]{subsubsection.7.6.2.21}{\376\377\0007\000.\0006\000.\0002\000.\0002\0001\000\040\000g\000e\000t\000W\000i\000d\000t\000h\000\050\000\051}{subsection.7.6.2}% 157
\BOOKMARK [3][-]{subsubsection.7.6.2.22}{\376\377\0007\000.\0006\000.\0002\000.\0002\0002\000\040\000s\000e\000t\000V\000a\000l\000u\000e\000\050\000\051}{subsection.7.6.2}% 158
\BOOKMARK [3][-]{subsubsection.7.6.2.23}{\376\377\0007\000.\0006\000.\0002\000.\0002\0003\000\040\000s\000e\000t\000V\000e\000r\000t\000e\000x\0001\000\050\000\051}{subsection.7.6.2}% 159
\BOOKMARK [3][-]{subsubsection.7.6.2.24}{\376\377\0007\000.\0006\000.\0002\000.\0002\0004\000\040\000s\000e\000t\000V\000e\000r\000t\000e\000x\0002\000\050\000\051}{subsection.7.6.2}% 160
\BOOKMARK [2][-]{subsection.7.6.3}{\376\377\0007\000.\0006\000.\0003\000\040\000A\000t\000r\000i\000b\000u\000t\000o\000s}{section.7.6}% 161
\BOOKMARK [3][-]{subsubsection.7.6.3.1}{\376\377\0007\000.\0006\000.\0003\000.\0001\000\040\000b\000o\000u\000n\000d\000R\000e\000c\000t}{subsection.7.6.3}% 162
\BOOKMARK [3][-]{subsubsection.7.6.3.2}{\376\377\0007\000.\0006\000.\0003\000.\0002\000\040\000c\000o\000m\000p\000o\000n\000e\000n\000t\000T\000y\000p\000e}{subsection.7.6.3}% 163
\BOOKMARK [3][-]{subsubsection.7.6.3.3}{\376\377\0007\000.\0006\000.\0003\000.\0003\000\040\000l\000a\000b\000e\000l}{subsection.7.6.3}% 164
\BOOKMARK [3][-]{subsubsection.7.6.3.4}{\376\377\0007\000.\0006\000.\0003\000.\0004\000\040\000m\000a\000p}{subsection.7.6.3}% 165
\BOOKMARK [3][-]{subsubsection.7.6.3.5}{\376\377\0007\000.\0006\000.\0003\000.\0005\000\040\000o\000r\000i\000e\000n\000t\000a\000t\000i\000o\000n}{subsection.7.6.3}% 166
\BOOKMARK [3][-]{subsubsection.7.6.3.6}{\376\377\0007\000.\0006\000.\0003\000.\0006\000\040\000v\000a\000l\000u\000e}{subsection.7.6.3}% 167
\BOOKMARK [3][-]{subsubsection.7.6.3.7}{\376\377\0007\000.\0006\000.\0003\000.\0007\000\040\000v\000e\000r\000t\000e\000x\0001}{subsection.7.6.3}% 168
\BOOKMARK [3][-]{subsubsection.7.6.3.8}{\376\377\0007\000.\0006\000.\0003\000.\0008\000\040\000v\000e\000r\000t\000e\000x\0002}{subsection.7.6.3}% 169
\BOOKMARK [3][-]{subsubsection.7.6.3.9}{\376\377\0007\000.\0006\000.\0003\000.\0009\000\040\000v\000e\000r\000t\000e\000x\000A\000r\000e\000a\0001}{subsection.7.6.3}% 170
\BOOKMARK [3][-]{subsubsection.7.6.3.10}{\376\377\0007\000.\0006\000.\0003\000.\0001\0000\000\040\000v\000e\000r\000t\000e\000x\000A\000r\000e\000a\0002}{subsection.7.6.3}% 171
\BOOKMARK [3][-]{subsubsection.7.6.3.11}{\376\377\0007\000.\0006\000.\0003\000.\0001\0001\000\040\000v\000e\000r\000t\000e\000x\000N\000u\000m}{subsection.7.6.3}% 172
\BOOKMARK [3][-]{subsubsection.7.6.3.12}{\376\377\0007\000.\0006\000.\0003\000.\0001\0002\000\040\000x}{subsection.7.6.3}% 173
\BOOKMARK [3][-]{subsubsection.7.6.3.13}{\376\377\0007\000.\0006\000.\0003\000.\0001\0003\000\040\000y}{subsection.7.6.3}% 174
\BOOKMARK [1][-]{section.7.7}{\376\377\0007\000.\0007\000\040\000R\000e\000f\000e\000r\000\352\000n\000c\000i\000a\000\040\000d\000a\000\040\000C\000l\000a\000s\000s\000e\000\040\000G\000R\000F\000:\000:\000i\000n\000c\000i\000d\000e\000n\000c\000e\000M\000a\000t\000r\000i\000x}{chapter.7}% 175
\BOOKMARK [2][-]{subsection.7.7.1}{\376\377\0007\000.\0007\000.\0001\000\040\000C\000o\000n\000s\000t\000r\000u\000t\000o\000r\000e\000s\000\040\000e\000\040\000D\000e\000s\000t\000r\000u\000t\000o\000r\000e\000s}{section.7.7}% 176
\BOOKMARK [3][-]{subsubsection.7.7.1.1}{\376\377\0007\000.\0007\000.\0001\000.\0001\000\040\000i\000n\000c\000i\000d\000e\000n\000c\000e\000M\000a\000t\000r\000i\000x\000\050\000\051\000\040\000[\0001\000/\0002\000]}{subsection.7.7.1}% 177
\BOOKMARK [3][-]{subsubsection.7.7.1.2}{\376\377\0007\000.\0007\000.\0001\000.\0002\000\040\000i\000n\000c\000i\000d\000e\000n\000c\000e\000M\000a\000t\000r\000i\000x\000\050\000\051\000\040\000[\0002\000/\0002\000]}{subsection.7.7.1}% 178
\BOOKMARK [2][-]{subsection.7.7.2}{\376\377\0007\000.\0007\000.\0002\000\040\000F\000u\000n\000\347\000\365\000e\000s\000\040\000m\000e\000m\000b\000r\000o\000s}{section.7.7}% 179
\BOOKMARK [3][-]{subsubsection.7.7.2.1}{\376\377\0007\000.\0007\000.\0002\000.\0001\000\040\000a\000d\000d\000E\000d\000g\000e\000\050\000\051}{subsection.7.7.2}% 180
\BOOKMARK [3][-]{subsubsection.7.7.2.2}{\376\377\0007\000.\0007\000.\0002\000.\0002\000\040\000g\000e\000t\000C\000o\000n\000N\000u\000m\000\050\000\051}{subsection.7.7.2}% 181
\BOOKMARK [3][-]{subsubsection.7.7.2.3}{\376\377\0007\000.\0007\000.\0002\000.\0003\000\040\000g\000e\000t\000E\000d\000g\000e\000N\000u\000m\000b\000e\000r\000\050\000\051}{subsection.7.7.2}% 182
\BOOKMARK [3][-]{subsubsection.7.7.2.4}{\376\377\0007\000.\0007\000.\0002\000.\0004\000\040\000g\000e\000t\000E\000d\000g\000e\000s\000\050\000\051\000\040\000[\0001\000/\0002\000]}{subsection.7.7.2}% 183
\BOOKMARK [3][-]{subsubsection.7.7.2.5}{\376\377\0007\000.\0007\000.\0002\000.\0005\000\040\000g\000e\000t\000E\000d\000g\000e\000s\000\050\000\051\000\040\000[\0002\000/\0002\000]}{subsection.7.7.2}% 184
\BOOKMARK [3][-]{subsubsection.7.7.2.6}{\376\377\0007\000.\0007\000.\0002\000.\0006\000\040\000g\000e\000t\000L\000o\000o\000p\000\050\000\051}{subsection.7.7.2}% 185
\BOOKMARK [3][-]{subsubsection.7.7.2.7}{\376\377\0007\000.\0007\000.\0002\000.\0007\000\040\000g\000e\000t\000S\000p\000a\000n\000n\000i\000n\000g\000T\000r\000e\000e\000\050\000\051}{subsection.7.7.2}% 186
\BOOKMARK [3][-]{subsubsection.7.7.2.8}{\376\377\0007\000.\0007\000.\0002\000.\0008\000\040\000g\000e\000t\000V\000e\000r\000t\000e\000x\000\050\000\051}{subsection.7.7.2}% 187
\BOOKMARK [3][-]{subsubsection.7.7.2.9}{\376\377\0007\000.\0007\000.\0002\000.\0009\000\040\000g\000e\000t\000V\000e\000r\000t\000e\000x\000C\000o\000n\000\050\000\051}{subsection.7.7.2}% 188
\BOOKMARK [3][-]{subsubsection.7.7.2.10}{\376\377\0007\000.\0007\000.\0002\000.\0001\0000\000\040\000g\000e\000t\000V\000e\000r\000t\000e\000x\000N\000u\000m\000b\000e\000r\000\050\000\051}{subsection.7.7.2}% 189
\BOOKMARK [3][-]{subsubsection.7.7.2.11}{\376\377\0007\000.\0007\000.\0002\000.\0001\0001\000\040\000m\000a\000k\000e\000C\000o\000n\000\050\000\051}{subsection.7.7.2}% 190
\BOOKMARK [3][-]{subsubsection.7.7.2.12}{\376\377\0007\000.\0007\000.\0002\000.\0001\0002\000\040\000o\000p\000e\000r\000a\000t\000o\000r\000[\000]\000\050\000\051}{subsection.7.7.2}% 191
\BOOKMARK [3][-]{subsubsection.7.7.2.13}{\376\377\0007\000.\0007\000.\0002\000.\0001\0003\000\040\000p\000r\000i\000n\000t\000\050\000\051}{subsection.7.7.2}% 192
\BOOKMARK [3][-]{subsubsection.7.7.2.14}{\376\377\0007\000.\0007\000.\0002\000.\0001\0004\000\040\000r\000e\000m\000o\000v\000e\000E\000d\000g\000e\000\050\000\051}{subsection.7.7.2}% 193
\BOOKMARK [3][-]{subsubsection.7.7.2.15}{\376\377\0007\000.\0007\000.\0002\000.\0001\0005\000\040\000r\000e\000m\000o\000v\000e\000V\000e\000r\000t\000e\000x\000\050\000\051}{subsection.7.7.2}% 194
\BOOKMARK [2][-]{subsection.7.7.3}{\376\377\0007\000.\0007\000.\0003\000\040\000A\000t\000r\000i\000b\000u\000t\000o\000s}{section.7.7}% 195
\BOOKMARK [3][-]{subsubsection.7.7.3.1}{\376\377\0007\000.\0007\000.\0003\000.\0001\000\040\000e\000d\000g\000e\000N\000u\000m\000b\000e\000r}{subsection.7.7.3}% 196
\BOOKMARK [3][-]{subsubsection.7.7.3.2}{\376\377\0007\000.\0007\000.\0003\000.\0002\000\040\000i\000n\000M\000a\000t\000r\000i\000x}{subsection.7.7.3}% 197
\BOOKMARK [3][-]{subsubsection.7.7.3.3}{\376\377\0007\000.\0007\000.\0003\000.\0003\000\040\000v\000e\000r\000t\000e\000x\000N\000u\000m\000b\000e\000r}{subsection.7.7.3}% 198
\BOOKMARK [1][-]{section.7.8}{\376\377\0007\000.\0008\000\040\000R\000e\000f\000e\000r\000\352\000n\000c\000i\000a\000\040\000d\000a\000\040\000C\000l\000a\000s\000s\000e\000\040\000M\000a\000i\000n\000W\000i\000n\000d\000o\000w}{chapter.7}% 199
\BOOKMARK [2][-]{subsection.7.8.1}{\376\377\0007\000.\0008\000.\0001\000\040\000C\000o\000n\000s\000t\000r\000u\000t\000o\000r\000e\000s\000\040\000e\000\040\000D\000e\000s\000t\000r\000u\000t\000o\000r\000e\000s}{section.7.8}% 200
\BOOKMARK [3][-]{subsubsection.7.8.1.1}{\376\377\0007\000.\0008\000.\0001\000.\0001\000\040\000M\000a\000i\000n\000W\000i\000n\000d\000o\000w\000\050\000\051}{subsection.7.8.1}% 201
\BOOKMARK [2][-]{subsection.7.8.2}{\376\377\0007\000.\0008\000.\0002\000\040\000F\000u\000n\000\347\000\365\000e\000s\000\040\000m\000e\000m\000b\000r\000o\000s}{section.7.8}% 202
\BOOKMARK [3][-]{subsubsection.7.8.2.1}{\376\377\0007\000.\0008\000.\0002\000.\0001\000\040\000c\000l\000o\000s\000e\000F\000i\000l\000e}{subsection.7.8.2}% 203
\BOOKMARK [3][-]{subsubsection.7.8.2.2}{\376\377\0007\000.\0008\000.\0002\000.\0002\000\040\000d\000r\000a\000w\000R\000e\000s\0001\0008\0000}{subsection.7.8.2}% 204
\BOOKMARK [3][-]{subsubsection.7.8.2.3}{\376\377\0007\000.\0008\000.\0002\000.\0003\000\040\000d\000r\000a\000w\000R\000e\000s\0009\0000}{subsection.7.8.2}% 205
\BOOKMARK [3][-]{subsubsection.7.8.2.4}{\376\377\0007\000.\0008\000.\0002\000.\0004\000\040\000d\000r\000a\000w\000V\000c\000c\0001\0008\0000}{subsection.7.8.2}% 206
\BOOKMARK [3][-]{subsubsection.7.8.2.5}{\376\377\0007\000.\0008\000.\0002\000.\0005\000\040\000d\000r\000a\000w\000V\000c\000c\0009\0000}{subsection.7.8.2}% 207
\BOOKMARK [3][-]{subsubsection.7.8.2.6}{\376\377\0007\000.\0008\000.\0002\000.\0006\000\040\000i\000n\000i\000t\000i\000a\000l\000i\000z\000e\000M\000e\000n\000u\000\050\000\051}{subsection.7.8.2}% 208
\BOOKMARK [3][-]{subsubsection.7.8.2.7}{\376\377\0007\000.\0008\000.\0002\000.\0007\000\040\000i\000n\000i\000t\000i\000a\000l\000i\000z\000e\000S\000t\000a\000t\000u\000s\000B\000a\000r\000\050\000\051}{subsection.7.8.2}% 209
\BOOKMARK [3][-]{subsubsection.7.8.2.8}{\376\377\0007\000.\0008\000.\0002\000.\0008\000\040\000i\000n\000i\000t\000i\000a\000l\000i\000z\000e\000T\000a\000b\000s\000\050\000\051}{subsection.7.8.2}% 210
\BOOKMARK [3][-]{subsubsection.7.8.2.9}{\376\377\0007\000.\0008\000.\0002\000.\0009\000\040\000i\000n\000i\000t\000i\000a\000l\000i\000z\000e\000T\000o\000o\000l\000b\000a\000r\000\050\000\051}{subsection.7.8.2}% 211
\BOOKMARK [3][-]{subsubsection.7.8.2.10}{\376\377\0007\000.\0008\000.\0002\000.\0001\0000\000\040\000n\000e\000w\000F\000i\000l\000e}{subsection.7.8.2}% 212
\BOOKMARK [3][-]{subsubsection.7.8.2.11}{\376\377\0007\000.\0008\000.\0002\000.\0001\0001\000\040\000o\000p\000e\000n\000F\000i\000l\000e\000\040\000[\0001\000/\0002\000]}{subsection.7.8.2}% 213
\BOOKMARK [3][-]{subsubsection.7.8.2.12}{\376\377\0007\000.\0008\000.\0002\000.\0001\0002\000\040\000o\000p\000e\000n\000F\000i\000l\000e\000\050\000\051\000\040\000[\0002\000/\0002\000]}{subsection.7.8.2}% 214
\BOOKMARK [3][-]{subsubsection.7.8.2.13}{\376\377\0007\000.\0008\000.\0002\000.\0001\0003\000\040\000p\000r\000e\000f\000e\000r\000e\000n\000c\000e\000s}{subsection.7.8.2}% 215
\BOOKMARK [3][-]{subsubsection.7.8.2.14}{\376\377\0007\000.\0008\000.\0002\000.\0001\0004\000\040\000s\000a\000v\000e\000F\000i\000l\000e}{subsection.7.8.2}% 216
\BOOKMARK [3][-]{subsubsection.7.8.2.15}{\376\377\0007\000.\0008\000.\0002\000.\0001\0005\000\040\000s\000a\000v\000e\000F\000i\000l\000e\000A\000s}{subsection.7.8.2}% 217
\BOOKMARK [3][-]{subsubsection.7.8.2.16}{\376\377\0007\000.\0008\000.\0002\000.\0001\0006\000\040\000s\000e\000t\000T\000a\000b\000S\000t\000a\000t\000u\000s}{subsection.7.8.2}% 218
\BOOKMARK [2][-]{subsection.7.8.3}{\376\377\0007\000.\0008\000.\0003\000\040\000A\000t\000r\000i\000b\000u\000t\000o\000s}{section.7.8}% 219
\BOOKMARK [3][-]{subsubsection.7.8.3.1}{\376\377\0007\000.\0008\000.\0003\000.\0001\000\040\000d\000i\000a\000g\000r\000a\000m\000s}{subsection.7.8.3}% 220
\BOOKMARK [3][-]{subsubsection.7.8.3.2}{\376\377\0007\000.\0008\000.\0003\000.\0002\000\040\000f\000i\000l\000e\000M\000e\000n\000u}{subsection.7.8.3}% 221
\BOOKMARK [3][-]{subsubsection.7.8.3.3}{\376\377\0007\000.\0008\000.\0003\000.\0003\000\040\000h\000e\000l\000p\000M\000e\000n\000u}{subsection.7.8.3}% 222
\BOOKMARK [3][-]{subsubsection.7.8.3.4}{\376\377\0007\000.\0008\000.\0003\000.\0004\000\040\000i\000n\000i\000t\000i\000a\000l\000T\000a\000b}{subsection.7.8.3}% 223
\BOOKMARK [3][-]{subsubsection.7.8.3.5}{\376\377\0007\000.\0008\000.\0003\000.\0005\000\040\000m\000a\000i\000n\000B\000a\000r}{subsection.7.8.3}% 224
\BOOKMARK [3][-]{subsubsection.7.8.3.6}{\376\377\0007\000.\0008\000.\0003\000.\0006\000\040\000n\000e\000w\000F\000i\000l\000e\000A\000c\000t}{subsection.7.8.3}% 225
\BOOKMARK [3][-]{subsubsection.7.8.3.7}{\376\377\0007\000.\0008\000.\0003\000.\0007\000\040\000o\000p\000e\000n\000F\000i\000l\000e\000A\000c\000t}{subsection.7.8.3}% 226
\BOOKMARK [3][-]{subsubsection.7.8.3.8}{\376\377\0007\000.\0008\000.\0003\000.\0008\000\040\000p\000r\000e\000f\000A\000c\000t}{subsection.7.8.3}% 227
\BOOKMARK [3][-]{subsubsection.7.8.3.9}{\376\377\0007\000.\0008\000.\0003\000.\0009\000\040\000p\000r\000e\000f\000M\000e\000n\000u}{subsection.7.8.3}% 228
\BOOKMARK [3][-]{subsubsection.7.8.3.10}{\376\377\0007\000.\0008\000.\0003\000.\0001\0000\000\040\000s\000a\000v\000e\000F\000i\000l\000e\000A\000c\000t}{subsection.7.8.3}% 229
\BOOKMARK [3][-]{subsubsection.7.8.3.11}{\376\377\0007\000.\0008\000.\0003\000.\0001\0001\000\040\000s\000a\000v\000e\000F\000i\000l\000e\000A\000s\000A\000c\000t}{subsection.7.8.3}% 230
\BOOKMARK [3][-]{subsubsection.7.8.3.12}{\376\377\0007\000.\0008\000.\0003\000.\0001\0002\000\040\000s\000t\000a\000t\000u\000s\000B\000a\000r}{subsection.7.8.3}% 231
\BOOKMARK [3][-]{subsubsection.7.8.3.13}{\376\377\0007\000.\0008\000.\0003\000.\0001\0003\000\040\000t\000a\000b\000s}{subsection.7.8.3}% 232
\BOOKMARK [3][-]{subsubsection.7.8.3.14}{\376\377\0007\000.\0008\000.\0003\000.\0001\0004\000\040\000t\000o\000o\000l\000b\000a\000r}{subsection.7.8.3}% 233
\BOOKMARK [3][-]{subsubsection.7.8.3.15}{\376\377\0007\000.\0008\000.\0003\000.\0001\0005\000\040\000t\000u\000t\000o\000r\000i\000a\000l\000A\000c\000t}{subsection.7.8.3}% 234
\BOOKMARK [1][-]{section.7.9}{\376\377\0007\000.\0009\000\040\000R\000e\000f\000e\000r\000\352\000n\000c\000i\000a\000\040\000d\000a\000\040\000C\000l\000a\000s\000s\000e\000\040\000N\000M\000:\000:\000M\000a\000t\000r\000i\000x}{chapter.7}% 235
\BOOKMARK [2][-]{subsection.7.9.1}{\376\377\0007\000.\0009\000.\0001\000\040\000C\000o\000n\000s\000t\000r\000u\000t\000o\000r\000e\000s\000\040\000e\000\040\000D\000e\000s\000t\000r\000u\000t\000o\000r\000e\000s}{section.7.9}% 236
\BOOKMARK [3][-]{subsubsection.7.9.1.1}{\376\377\0007\000.\0009\000.\0001\000.\0001\000\040\000M\000a\000t\000r\000i\000x\000\050\000\051\000\040\000[\0001\000/\0002\000]}{subsection.7.9.1}% 237
\BOOKMARK [3][-]{subsubsection.7.9.1.2}{\376\377\0007\000.\0009\000.\0001\000.\0002\000\040\000M\000a\000t\000r\000i\000x\000\050\000\051\000\040\000[\0002\000/\0002\000]}{subsection.7.9.1}% 238
\BOOKMARK [2][-]{subsection.7.9.2}{\376\377\0007\000.\0009\000.\0002\000\040\000F\000u\000n\000\347\000\365\000e\000s\000\040\000m\000e\000m\000b\000r\000o\000s}{section.7.9}% 239
\BOOKMARK [3][-]{subsubsection.7.9.2.1}{\376\377\0007\000.\0009\000.\0002\000.\0001\000\040\000A\000b\000s\000\050\000\051}{subsection.7.9.2}% 240
\BOOKMARK [3][-]{subsubsection.7.9.2.2}{\376\377\0007\000.\0009\000.\0002\000.\0002\000\040\000g\000e\000t\000C\000o\000l\000\050\000\051}{subsection.7.9.2}% 241
\BOOKMARK [3][-]{subsubsection.7.9.2.3}{\376\377\0007\000.\0009\000.\0002\000.\0003\000\040\000g\000e\000t\000C\000o\000l\000N\000u\000m\000b\000e\000r\000\050\000\051}{subsection.7.9.2}% 242
\BOOKMARK [3][-]{subsubsection.7.9.2.4}{\376\377\0007\000.\0009\000.\0002\000.\0004\000\040\000g\000e\000t\000R\000o\000w\000N\000u\000m\000b\000e\000r\000\050\000\051}{subsection.7.9.2}% 243
\BOOKMARK [3][-]{subsubsection.7.9.2.5}{\376\377\0007\000.\0009\000.\0002\000.\0005\000\040\000o\000p\000e\000r\000a\000t\000o\000r\000*\000\050\000\051}{subsection.7.9.2}% 244
\BOOKMARK [3][-]{subsubsection.7.9.2.6}{\376\377\0007\000.\0009\000.\0002\000.\0006\000\040\000o\000p\000e\000r\000a\000t\000o\000r\000*\000=\000\050\000\051}{subsection.7.9.2}% 245
\BOOKMARK [3][-]{subsubsection.7.9.2.7}{\376\377\0007\000.\0009\000.\0002\000.\0007\000\040\000o\000p\000e\000r\000a\000t\000o\000r\000+\000\050\000\051}{subsection.7.9.2}% 246
\BOOKMARK [3][-]{subsubsection.7.9.2.8}{\376\377\0007\000.\0009\000.\0002\000.\0008\000\040\000o\000p\000e\000r\000a\000t\000o\000r\000+\000=\000\050\000\051}{subsection.7.9.2}% 247
\BOOKMARK [3][-]{subsubsection.7.9.2.9}{\376\377\0007\000.\0009\000.\0002\000.\0009\000\040\000o\000p\000e\000r\000a\000t\000o\000r\000-\000\050\000\051\000\040\000[\0001\000/\0002\000]}{subsection.7.9.2}% 248
\BOOKMARK [3][-]{subsubsection.7.9.2.10}{\376\377\0007\000.\0009\000.\0002\000.\0001\0000\000\040\000o\000p\000e\000r\000a\000t\000o\000r\000-\000\050\000\051\000\040\000[\0002\000/\0002\000]}{subsection.7.9.2}% 249
\BOOKMARK [3][-]{subsubsection.7.9.2.11}{\376\377\0007\000.\0009\000.\0002\000.\0001\0001\000\040\000o\000p\000e\000r\000a\000t\000o\000r\000-\000=\000\050\000\051}{subsection.7.9.2}% 250
\BOOKMARK [3][-]{subsubsection.7.9.2.12}{\376\377\0007\000.\0009\000.\0002\000.\0001\0002\000\040\000o\000p\000e\000r\000a\000t\000o\000r\000=\000\050\000\051}{subsection.7.9.2}% 251
\BOOKMARK [3][-]{subsubsection.7.9.2.13}{\376\377\0007\000.\0009\000.\0002\000.\0001\0003\000\040\000o\000p\000e\000r\000a\000t\000o\000r\000[\000]\000\050\000\051}{subsection.7.9.2}% 252
\BOOKMARK [3][-]{subsubsection.7.9.2.14}{\376\377\0007\000.\0009\000.\0002\000.\0001\0004\000\040\000p\000r\000i\000n\000t\000\050\000\051\000\040\000[\0001\000/\0002\000]}{subsection.7.9.2}% 253
\BOOKMARK [3][-]{subsubsection.7.9.2.15}{\376\377\0007\000.\0009\000.\0002\000.\0001\0005\000\040\000p\000r\000i\000n\000t\000\050\000\051\000\040\000[\0002\000/\0002\000]}{subsection.7.9.2}% 254
\BOOKMARK [3][-]{subsubsection.7.9.2.16}{\376\377\0007\000.\0009\000.\0002\000.\0001\0006\000\040\000s\000w\000a\000p\000L\000i\000n\000e\000s\000\050\000\051}{subsection.7.9.2}% 255
\BOOKMARK [3][-]{subsubsection.7.9.2.17}{\376\377\0007\000.\0009\000.\0002\000.\0001\0007\000\040\000t\000r\000a\000n\000s\000p\000o\000s\000e\000\050\000\051}{subsection.7.9.2}% 256
\BOOKMARK [2][-]{subsection.7.9.3}{\376\377\0007\000.\0009\000.\0003\000\040\000A\000t\000r\000i\000b\000u\000t\000o\000s}{section.7.9}% 257
\BOOKMARK [3][-]{subsubsection.7.9.3.1}{\376\377\0007\000.\0009\000.\0003\000.\0001\000\040\000c\000o\000l\000N\000u\000m\000b\000e\000r}{subsection.7.9.3}% 258
\BOOKMARK [3][-]{subsubsection.7.9.3.2}{\376\377\0007\000.\0009\000.\0003\000.\0002\000\040\000r\000e\000a\000l\000M\000a\000t\000r\000i\000x}{subsection.7.9.3}% 259
\BOOKMARK [3][-]{subsubsection.7.9.3.3}{\376\377\0007\000.\0009\000.\0003\000.\0003\000\040\000r\000o\000w\000N\000u\000m\000b\000e\000r}{subsection.7.9.3}% 260
\BOOKMARK [1][-]{section.7.10}{\376\377\0007\000.\0001\0000\000\040\000R\000e\000f\000e\000r\000\352\000n\000c\000i\000a\000\040\000d\000a\000\040\000C\000l\000a\000s\000s\000e\000\040\000C\000M\000P\000:\000:\000R\000e\000s\000i\000s\000t\000o\000r}{chapter.7}% 261
\BOOKMARK [2][-]{subsection.7.10.1}{\376\377\0007\000.\0001\0000\000.\0001\000\040\000C\000o\000n\000s\000t\000r\000u\000t\000o\000r\000e\000s\000\040\000e\000\040\000D\000e\000s\000t\000r\000u\000t\000o\000r\000e\000s}{section.7.10}% 262
\BOOKMARK [3][-]{subsubsection.7.10.1.1}{\376\377\0007\000.\0001\0000\000.\0001\000.\0001\000\040\000R\000e\000s\000i\000s\000t\000o\000r\000\050\000\051}{subsection.7.10.1}% 263
\BOOKMARK [3][-]{subsubsection.7.10.1.2}{\376\377\0007\000.\0001\0000\000.\0001\000.\0002\000\040\000\040\000R\000e\000s\000i\000s\000t\000o\000r\000\050\000\051}{subsection.7.10.1}% 264
\BOOKMARK [2][-]{subsection.7.10.2}{\376\377\0007\000.\0001\0000\000.\0002\000\040\000F\000u\000n\000\347\000\365\000e\000s\000\040\000m\000e\000m\000b\000r\000o\000s}{section.7.10}% 265
\BOOKMARK [3][-]{subsubsection.7.10.2.1}{\376\377\0007\000.\0001\0000\000.\0002\000.\0001\000\040\000g\000e\000t\000R\000e\000s\000i\000s\000t\000a\000n\000c\000e\000\050\000\051}{subsection.7.10.2}% 266
\BOOKMARK [3][-]{subsubsection.7.10.2.2}{\376\377\0007\000.\0001\0000\000.\0002\000.\0002\000\040\000g\000e\000t\000T\000y\000p\000e\000\050\000\051}{subsection.7.10.2}% 267
\BOOKMARK [3][-]{subsubsection.7.10.2.3}{\376\377\0007\000.\0001\0000\000.\0002\000.\0003\000\040\000s\000e\000t\000C\000u\000r\000r\000e\000n\000t\000\050\000\051}{subsection.7.10.2}% 268
\BOOKMARK [3][-]{subsubsection.7.10.2.4}{\376\377\0007\000.\0001\0000\000.\0002\000.\0004\000\040\000s\000e\000t\000R\000e\000s\000i\000s\000t\000a\000n\000c\000e\000\050\000\051}{subsection.7.10.2}% 269
\BOOKMARK [3][-]{subsubsection.7.10.2.5}{\376\377\0007\000.\0001\0000\000.\0002\000.\0005\000\040\000s\000e\000t\000V\000o\000l\000t\000a\000g\000e\000\050\000\051}{subsection.7.10.2}% 270
\BOOKMARK [2][-]{subsection.7.10.3}{\376\377\0007\000.\0001\0000\000.\0003\000\040\000A\000t\000r\000i\000b\000u\000t\000o\000s}{section.7.10}% 271
\BOOKMARK [3][-]{subsubsection.7.10.3.1}{\376\377\0007\000.\0001\0000\000.\0003\000.\0001\000\040\000r\000e\000s\000i\000s\000t\000a\000n\000c\000e}{subsection.7.10.3}% 272
\BOOKMARK [1][-]{section.7.11}{\376\377\0007\000.\0001\0001\000\040\000R\000e\000f\000e\000r\000\352\000n\000c\000i\000a\000\040\000d\000a\000\040\000C\000l\000a\000s\000s\000e\000\040\000R\000e\000s\000i\000s\000t\000o\000r}{chapter.7}% 273
\BOOKMARK [2][-]{subsection.7.11.1}{\376\377\0007\000.\0001\0001\000.\0001\000\040\000C\000o\000n\000s\000t\000r\000u\000t\000o\000r\000e\000s\000\040\000e\000\040\000D\000e\000s\000t\000r\000u\000t\000o\000r\000e\000s}{section.7.11}% 274
\BOOKMARK [3][-]{subsubsection.7.11.1.1}{\376\377\0007\000.\0001\0001\000.\0001\000.\0001\000\040\000R\000e\000s\000i\000s\000t\000o\000r\000\050\000\051}{subsection.7.11.1}% 275
\BOOKMARK [2][-]{subsection.7.11.2}{\376\377\0007\000.\0001\0001\000.\0002\000\040\000F\000u\000n\000\347\000\365\000e\000s\000\040\000m\000e\000m\000b\000r\000o\000s}{section.7.11}% 276
\BOOKMARK [3][-]{subsubsection.7.11.2.1}{\376\377\0007\000.\0001\0001\000.\0002\000.\0001\000\040\000g\000e\000t\000T\000y\000p\000e\000\050\000\051}{subsection.7.11.2}% 277
\BOOKMARK [2][-]{subsection.7.11.3}{\376\377\0007\000.\0001\0001\000.\0003\000\040\000A\000t\000r\000i\000b\000u\000t\000o\000s}{section.7.11}% 278
\BOOKMARK [3][-]{subsubsection.7.11.3.1}{\376\377\0007\000.\0001\0001\000.\0003\000.\0001\000\040\000r\000e\000s\000C\000o\000u\000n\000t\000e\000r}{subsection.7.11.3}% 279
\BOOKMARK [1][-]{section.7.12}{\376\377\0007\000.\0001\0002\000\040\000R\000e\000f\000e\000r\000\352\000n\000c\000i\000a\000\040\000d\000a\000\040\000C\000l\000a\000s\000s\000e\000\040\000C\000M\000P\000:\000:\000V\000c\000c}{chapter.7}% 280
\BOOKMARK [2][-]{subsection.7.12.1}{\376\377\0007\000.\0001\0002\000.\0001\000\040\000C\000o\000n\000s\000t\000r\000u\000t\000o\000r\000e\000s\000\040\000e\000\040\000D\000e\000s\000t\000r\000u\000t\000o\000r\000e\000s}{section.7.12}% 281
\BOOKMARK [3][-]{subsubsection.7.12.1.1}{\376\377\0007\000.\0001\0002\000.\0001\000.\0001\000\040\000V\000c\000c\000\050\000\051}{subsection.7.12.1}% 282
\BOOKMARK [3][-]{subsubsection.7.12.1.2}{\376\377\0007\000.\0001\0002\000.\0001\000.\0002\000\040\000\040\000V\000c\000c\000\050\000\051}{subsection.7.12.1}% 283
\BOOKMARK [2][-]{subsection.7.12.2}{\376\377\0007\000.\0001\0002\000.\0002\000\040\000F\000u\000n\000\347\000\365\000e\000s\000\040\000m\000e\000m\000b\000r\000o\000s}{section.7.12}% 284
\BOOKMARK [3][-]{subsubsection.7.12.2.1}{\376\377\0007\000.\0001\0002\000.\0002\000.\0001\000\040\000g\000e\000t\000T\000y\000p\000e\000\050\000\051}{subsection.7.12.2}% 285
\BOOKMARK [3][-]{subsubsection.7.12.2.2}{\376\377\0007\000.\0001\0002\000.\0002\000.\0002\000\040\000s\000e\000t\000C\000u\000r\000r\000e\000n\000t\000\050\000\051}{subsection.7.12.2}% 286
\BOOKMARK [3][-]{subsubsection.7.12.2.3}{\376\377\0007\000.\0001\0002\000.\0002\000.\0003\000\040\000s\000e\000t\000V\000o\000l\000t\000a\000g\000e\000\050\000\051}{subsection.7.12.2}% 287
\BOOKMARK [1][-]{section.7.13}{\376\377\0007\000.\0001\0003\000\040\000R\000e\000f\000e\000r\000\352\000n\000c\000i\000a\000\040\000d\000a\000\040\000C\000l\000a\000s\000s\000e\000\040\000V\000c\000c}{chapter.7}% 288
\BOOKMARK [2][-]{subsection.7.13.1}{\376\377\0007\000.\0001\0003\000.\0001\000\040\000C\000o\000n\000s\000t\000r\000u\000t\000o\000r\000e\000s\000\040\000e\000\040\000D\000e\000s\000t\000r\000u\000t\000o\000r\000e\000s}{section.7.13}% 289
\BOOKMARK [3][-]{subsubsection.7.13.1.1}{\376\377\0007\000.\0001\0003\000.\0001\000.\0001\000\040\000V\000c\000c\000\050\000\051}{subsection.7.13.1}% 290
\BOOKMARK [2][-]{subsection.7.13.2}{\376\377\0007\000.\0001\0003\000.\0002\000\040\000F\000u\000n\000\347\000\365\000e\000s\000\040\000m\000e\000m\000b\000r\000o\000s}{section.7.13}% 291
\BOOKMARK [3][-]{subsubsection.7.13.2.1}{\376\377\0007\000.\0001\0003\000.\0002\000.\0001\000\040\000g\000e\000t\000T\000y\000p\000e\000\050\000\051}{subsection.7.13.2}% 292
\BOOKMARK [2][-]{subsection.7.13.3}{\376\377\0007\000.\0001\0003\000.\0003\000\040\000A\000t\000r\000i\000b\000u\000t\000o\000s}{section.7.13}% 293
\BOOKMARK [3][-]{subsubsection.7.13.3.1}{\376\377\0007\000.\0001\0003\000.\0003\000.\0001\000\040\000v\000c\000c\000C\000o\000u\000n\000t\000e\000r}{subsection.7.13.3}% 294
\BOOKMARK [0][-]{chapter.8}{\376\377\0008\000\040\000A\000r\000q\000u\000i\000v\000o\000s}{}% 295
\BOOKMARK [1][-]{section.8.1}{\376\377\0008\000.\0001\000\040\000R\000e\000f\000e\000r\000\352\000n\000c\000i\000a\000\040\000d\000o\000\040\000A\000r\000q\000u\000i\000v\000o\000\040\000C\000i\000r\000c\000u\000i\000t\000.\000c\000p\000p}{chapter.8}% 296
\BOOKMARK [2][-]{subsection.8.1.1}{\376\377\0008\000.\0001\000.\0001\000\040\000D\000e\000s\000c\000r\000i\000\347\000\343\000o\000\040\000d\000e\000t\000a\000l\000h\000a\000d\000a}{section.8.1}% 297
\BOOKMARK [1][-]{section.8.2}{\376\377\0008\000.\0002\000\040\000R\000e\000f\000e\000r\000\352\000n\000c\000i\000a\000\040\000d\000o\000\040\000A\000r\000q\000u\000i\000v\000o\000\040\000C\000i\000r\000c\000u\000i\000t\000.\000h}{chapter.8}% 298
\BOOKMARK [2][-]{subsection.8.2.1}{\376\377\0008\000.\0002\000.\0001\000\040\000D\000e\000s\000c\000r\000i\000\347\000\343\000o\000\040\000d\000e\000t\000a\000l\000h\000a\000d\000a}{section.8.2}% 299
\BOOKMARK [1][-]{section.8.3}{\376\377\0008\000.\0003\000\040\000R\000e\000f\000e\000r\000\352\000n\000c\000i\000a\000\040\000d\000o\000\040\000A\000r\000q\000u\000i\000v\000o\000\040\000C\000o\000m\000p\000o\000n\000e\000n\000t\000.\000c\000p\000p}{chapter.8}% 300
\BOOKMARK [2][-]{subsection.8.3.1}{\376\377\0008\000.\0003\000.\0001\000\040\000D\000e\000s\000c\000r\000i\000\347\000\343\000o\000\040\000d\000e\000t\000a\000l\000h\000a\000d\000a}{section.8.3}% 301
\BOOKMARK [1][-]{section.8.4}{\376\377\0008\000.\0004\000\040\000R\000e\000f\000e\000r\000\352\000n\000c\000i\000a\000\040\000d\000o\000\040\000A\000r\000q\000u\000i\000v\000o\000\040\000C\000o\000m\000p\000o\000n\000e\000n\000t\000.\000h}{chapter.8}% 302
\BOOKMARK [2][-]{subsection.8.4.1}{\376\377\0008\000.\0004\000.\0001\000\040\000D\000e\000s\000c\000r\000i\000\347\000\343\000o\000\040\000d\000e\000t\000a\000l\000h\000a\000d\000a}{section.8.4}% 303
\BOOKMARK [1][-]{section.8.5}{\376\377\0008\000.\0005\000\040\000R\000e\000f\000e\000r\000\352\000n\000c\000i\000a\000\040\000d\000o\000\040\000A\000r\000q\000u\000i\000v\000o\000\040\000D\000i\000a\000g\000r\000a\000m\000.\000c\000p\000p}{chapter.8}% 304
\BOOKMARK [2][-]{subsection.8.5.1}{\376\377\0008\000.\0005\000.\0001\000\040\000D\000e\000s\000c\000r\000i\000\347\000\343\000o\000\040\000d\000e\000t\000a\000l\000h\000a\000d\000a}{section.8.5}% 305
\BOOKMARK [1][-]{section.8.6}{\376\377\0008\000.\0006\000\040\000R\000e\000f\000e\000r\000\352\000n\000c\000i\000a\000\040\000d\000o\000\040\000A\000r\000q\000u\000i\000v\000o\000\040\000D\000i\000a\000g\000r\000a\000m\000.\000h}{chapter.8}% 306
\BOOKMARK [2][-]{subsection.8.6.1}{\376\377\0008\000.\0006\000.\0001\000\040\000D\000e\000s\000c\000r\000i\000\347\000\343\000o\000\040\000d\000e\000t\000a\000l\000h\000a\000d\000a}{section.8.6}% 307
\BOOKMARK [2][-]{subsection.8.6.2}{\376\377\0008\000.\0006\000.\0002\000\040\000E\000n\000u\000m\000e\000r\000a\000\347\000\365\000e\000s}{section.8.6}% 308
\BOOKMARK [3][-]{subsubsection.8.6.2.1}{\376\377\0008\000.\0006\000.\0002\000.\0001\000\040\000m\000o\000d\000e}{subsection.8.6.2}% 309
\BOOKMARK [3][-]{subsubsection.8.6.2.2}{\376\377\0008\000.\0006\000.\0002\000.\0002\000\040\000s\000t\000s}{subsection.8.6.2}% 310
\BOOKMARK [3][-]{subsubsection.8.6.2.3}{\376\377\0008\000.\0006\000.\0002\000.\0003\000\040\000t\000y\000p\000e\000O\000r\000i\000e\000n\000t\000a\000t\000i\000o\000n}{subsection.8.6.2}% 311
\BOOKMARK [1][-]{section.8.7}{\376\377\0008\000.\0007\000\040\000R\000e\000f\000e\000r\000\352\000n\000c\000i\000a\000\040\000d\000o\000\040\000A\000r\000q\000u\000i\000v\000o\000\040\000G\000r\000a\000p\000h\000.\000c\000p\000p}{chapter.8}% 312
\BOOKMARK [2][-]{subsection.8.7.1}{\376\377\0008\000.\0007\000.\0001\000\040\000D\000e\000s\000c\000r\000i\000\347\000\343\000o\000\040\000d\000e\000t\000a\000l\000h\000a\000d\000a}{section.8.7}% 313
\BOOKMARK [1][-]{section.8.8}{\376\377\0008\000.\0008\000\040\000R\000e\000f\000e\000r\000\352\000n\000c\000i\000a\000\040\000d\000o\000\040\000A\000r\000q\000u\000i\000v\000o\000\040\000G\000r\000a\000p\000h\000.\000h}{chapter.8}% 314
\BOOKMARK [2][-]{subsection.8.8.1}{\376\377\0008\000.\0008\000.\0001\000\040\000D\000e\000s\000c\000r\000i\000\347\000\343\000o\000\040\000d\000e\000t\000a\000l\000h\000a\000d\000a}{section.8.8}% 315
\BOOKMARK [1][-]{section.8.9}{\376\377\0008\000.\0009\000\040\000R\000e\000f\000e\000r\000\352\000n\000c\000i\000a\000\040\000d\000o\000\040\000A\000r\000q\000u\000i\000v\000o\000\040\000G\000r\000a\000p\000h\000i\000c\000C\000o\000m\000p\000o\000n\000e\000n\000t\000.\000c\000p\000p}{chapter.8}% 316
\BOOKMARK [2][-]{subsection.8.9.1}{\376\377\0008\000.\0009\000.\0001\000\040\000D\000e\000s\000c\000r\000i\000\347\000\343\000o\000\040\000d\000e\000t\000a\000l\000h\000a\000d\000a}{section.8.9}% 317
\BOOKMARK [1][-]{section.8.10}{\376\377\0008\000.\0001\0000\000\040\000R\000e\000f\000e\000r\000\352\000n\000c\000i\000a\000\040\000d\000o\000\040\000A\000r\000q\000u\000i\000v\000o\000\040\000G\000r\000a\000p\000h\000i\000c\000C\000o\000m\000p\000o\000n\000e\000n\000t\000.\000h}{chapter.8}% 318
\BOOKMARK [2][-]{subsection.8.10.1}{\376\377\0008\000.\0001\0000\000.\0001\000\040\000D\000e\000s\000c\000r\000i\000\347\000\343\000o\000\040\000d\000e\000t\000a\000l\000h\000a\000d\000a}{section.8.10}% 319
\BOOKMARK [2][-]{subsection.8.10.2}{\376\377\0008\000.\0001\0000\000.\0002\000\040\000D\000e\000f\000i\000n\000i\000\347\000\365\000e\000s\000\040\000e\000\040\000m\000a\000c\000r\000o\000s}{section.8.10}% 320
\BOOKMARK [3][-]{subsubsection.8.10.2.1}{\376\377\0008\000.\0001\0000\000.\0002\000.\0001\000\040\000H\000E\000I\000G\000H\000T}{subsection.8.10.2}% 321
\BOOKMARK [3][-]{subsubsection.8.10.2.2}{\376\377\0008\000.\0001\0000\000.\0002\000.\0002\000\040\000W\000I\000D\000T\000H}{subsection.8.10.2}% 322
\BOOKMARK [2][-]{subsection.8.10.3}{\376\377\0008\000.\0001\0000\000.\0003\000\040\000E\000n\000u\000m\000e\000r\000a\000\347\000\365\000e\000s}{section.8.10}% 323
\BOOKMARK [3][-]{subsubsection.8.10.3.1}{\376\377\0008\000.\0001\0000\000.\0003\000.\0001\000\040\000o\000r\000i\000e\000n}{subsection.8.10.3}% 324
\BOOKMARK [1][-]{section.8.11}{\376\377\0008\000.\0001\0001\000\040\000R\000e\000f\000e\000r\000\352\000n\000c\000i\000a\000\040\000d\000o\000\040\000A\000r\000q\000u\000i\000v\000o\000\040\000m\000a\000i\000n\000.\000c\000p\000p}{chapter.8}% 325
\BOOKMARK [2][-]{subsection.8.11.1}{\376\377\0008\000.\0001\0001\000.\0001\000\040\000F\000u\000n\000\347\000\365\000e\000s}{section.8.11}% 326
\BOOKMARK [3][-]{subsubsection.8.11.1.1}{\376\377\0008\000.\0001\0001\000.\0001\000.\0001\000\040\000m\000a\000i\000n\000\050\000\051}{subsection.8.11.1}% 327
\BOOKMARK [1][-]{section.8.12}{\376\377\0008\000.\0001\0002\000\040\000R\000e\000f\000e\000r\000\352\000n\000c\000i\000a\000\040\000d\000o\000\040\000A\000r\000q\000u\000i\000v\000o\000\040\000M\000a\000i\000n\000W\000i\000n\000d\000o\000w\000.\000c\000p\000p}{chapter.8}% 328
\BOOKMARK [2][-]{subsection.8.12.1}{\376\377\0008\000.\0001\0002\000.\0001\000\040\000D\000e\000s\000c\000r\000i\000\347\000\343\000o\000\040\000d\000e\000t\000a\000l\000h\000a\000d\000a}{section.8.12}% 329
\BOOKMARK [1][-]{section.8.13}{\376\377\0008\000.\0001\0003\000\040\000R\000e\000f\000e\000r\000\352\000n\000c\000i\000a\000\040\000d\000o\000\040\000A\000r\000q\000u\000i\000v\000o\000\040\000M\000a\000i\000n\000W\000i\000n\000d\000o\000w\000.\000h}{chapter.8}% 330
\BOOKMARK [2][-]{subsection.8.13.1}{\376\377\0008\000.\0001\0003\000.\0001\000\040\000D\000e\000s\000c\000r\000i\000\347\000\343\000o\000\040\000d\000e\000t\000a\000l\000h\000a\000d\000a}{section.8.13}% 331
\BOOKMARK [1][-]{section.8.14}{\376\377\0008\000.\0001\0004\000\040\000R\000e\000f\000e\000r\000\352\000n\000c\000i\000a\000\040\000d\000o\000\040\000A\000r\000q\000u\000i\000v\000o\000\040\000N\000u\000m\000e\000r\000i\000c\000.\000c\000p\000p}{chapter.8}% 332
\BOOKMARK [2][-]{subsection.8.14.1}{\376\377\0008\000.\0001\0004\000.\0001\000\040\000D\000e\000s\000c\000r\000i\000\347\000\343\000o\000\040\000d\000e\000t\000a\000l\000h\000a\000d\000a}{section.8.14}% 333
\BOOKMARK [1][-]{section.8.15}{\376\377\0008\000.\0001\0005\000\040\000R\000e\000f\000e\000r\000\352\000n\000c\000i\000a\000\040\000d\000o\000\040\000A\000r\000q\000u\000i\000v\000o\000\040\000N\000u\000m\000e\000r\000i\000c\000.\000h}{chapter.8}% 334
\BOOKMARK [2][-]{subsection.8.15.1}{\376\377\0008\000.\0001\0005\000.\0001\000\040\000D\000e\000s\000c\000r\000i\000\347\000\343\000o\000\040\000d\000e\000t\000a\000l\000h\000a\000d\000a}{section.8.15}% 335
\BOOKMARK [0][-]{section*.79}{\376\377\000\315\000n\000d\000i\000c\000e\000\040\000R\000e\000m\000i\000s\000s\000i\000v\000o}{}% 336
